+ export OMP_NUM_THREADS=16
+ OMP_NUM_THREADS=16
+ ./rn
+ scontrol show job=19023079
JobId=19023079 JobName=1M_test
   UserId=dboyea(3132321) GroupId=dboyea(3132321) MCS_label=N/A
   Priority=1753968 Nice=0 Account=rrg-jfncc_cpu QOS=normal
   JobState=RUNNING Reason=None Dependency=(null)
   Requeue=0 Restarts=0 BatchFlag=1 Reboot=0 ExitCode=0:0
   RunTime=03:12:40 TimeLimit=16:00:00 TimeMin=N/A
   SubmitTime=2023-11-21T21:12:46 EligibleTime=2023-11-21T21:12:46
   AccrueTime=2023-11-21T21:12:46
   StartTime=2023-11-21T21:16:51 EndTime=2023-11-22T13:16:51 Deadline=N/A
   SuspendTime=None SecsPreSuspend=0 LastSchedEval=2023-11-21T21:16:51 Scheduler=Backfill
   Partition=cpubase_bycore_b3 AllocNode:Sid=cedar5:4514
   ReqNodeList=(null) ExcNodeList=(null)
   NodeList=cdr599
   BatchHost=cdr599
   NumNodes=1 NumCPUs=16 NumTasks=1 CPUs/Task=16 ReqB:S:C:T=0:0:*:*
   ReqTRES=cpu=16,mem=16000M,node=1,billing=16
   AllocTRES=cpu=16,mem=16000M,node=1,billing=16
   Socks/Node=* NtasksPerN:B:S:C=0:0:*:* CoreSpec=*
   MinCPUsNode=16 MinMemoryNode=16000M MinTmpDiskNode=0
   Features=[broadwell|skylake|cascade] DelayBoot=00:00:00
   OverSubscribe=OK Contiguous=0 Licenses=(null) Network=(null)
   Command=/scratch/fherwig/wendi.user/A501_danielb/1M_pre_ms_to_wd/submit
   WorkDir=/scratch/fherwig/wendi.user/A501_danielb/1M_pre_ms_to_wd
   StdErr=/scratch/fherwig/wendi.user/A501_danielb/1M_pre_ms_to_wd/slurm-19023079.out
   StdIn=/dev/null
   StdOut=/scratch/fherwig/wendi.user/A501_danielb/1M_pre_ms_to_wd/slurm-19023079.out
   Power=
   

