+ export OMP_NUM_THREADS=16
+ OMP_NUM_THREADS=16
+ ./rn
+ scontrol show job=18897891
JobId=18897891 JobName=single_1M
   UserId=dboyea(3132321) GroupId=dboyea(3132321) MCS_label=N/A
   Priority=1729124 Nice=0 Account=rrg-jfncc_cpu QOS=normal
   JobState=RUNNING Reason=None Dependency=(null)
   Requeue=0 Restarts=0 BatchFlag=1 Reboot=0 ExitCode=0:0
   RunTime=05:32:36 TimeLimit=16:00:00 TimeMin=N/A
   SubmitTime=2023-11-20T11:39:04 EligibleTime=2023-11-20T11:39:04
   AccrueTime=2023-11-20T11:39:04
   StartTime=2023-11-20T11:45:20 EndTime=2023-11-21T03:45:20 Deadline=N/A
   SuspendTime=None SecsPreSuspend=0 LastSchedEval=2023-11-20T11:45:20 Scheduler=Backfill
   Partition=cpubase_bycore_b3 AllocNode:Sid=cedar1:43458
   ReqNodeList=(null) ExcNodeList=(null)
   NodeList=cdr827
   BatchHost=cdr827
   NumNodes=1 NumCPUs=16 NumTasks=1 CPUs/Task=16 ReqB:S:C:T=0:0:*:*
   ReqTRES=cpu=16,mem=16000M,node=1,billing=16
   AllocTRES=cpu=16,mem=16000M,node=1,billing=16
   Socks/Node=* NtasksPerN:B:S:C=0:0:*:* CoreSpec=*
   MinCPUsNode=16 MinMemoryNode=16000M MinTmpDiskNode=0
   Features=[broadwell|skylake|cascade] DelayBoot=00:00:00
   OverSubscribe=OK Contiguous=0 Licenses=(null) Network=(null)
   Command=/scratch/fherwig/wendi.user/A501_danielb/1M/submit
   WorkDir=/scratch/fherwig/wendi.user/A501_danielb/1M
   StdErr=/scratch/fherwig/wendi.user/A501_danielb/1M/slurm-18897891.out
   StdIn=/dev/null
   StdOut=/scratch/fherwig/wendi.user/A501_danielb/1M/slurm-18897891.out
   Power=
   

